-------------------------------------------------------------------------------
Test set: com.Camunda.projv1.OfficeLeave.ProcessUnitTest
-------------------------------------------------------------------------------
Tests run: 1, Failures: 1, Errors: 0, Skipped: 0, Time elapsed: 9.935 s <<< FAILURE! - in com.Camunda.projv1.OfficeLeave.ProcessUnitTest
testHappyPath(com.Camunda.projv1.OfficeLeave.ProcessUnitTest)  Time elapsed: 1.214 s  <<< FAILURE!
java.lang.AssertionError: Expecting ProcessInstance {id='4', processDefinitionId='OfficeLeave:1:3', businessKey='null'} to be ended, but it is not!. (Please make sure you have set the history service of the engine to at least 'activity' or a higher level before making use of this assertion!)
	at com.Camunda.projv1.OfficeLeave.ProcessUnitTest.testHappyPath(ProcessUnitTest.java:42)

